<?xml version="1.0" encoding="UTF-8"?>
<!-- Generated by org.testng.reporters.JUnitXMLReporter -->
<testsuite ignored="17" hostname="HGT-LAP-359" failures="0" tests="1" name="Default test" time="9.646" errors="0" timestamp="2024-08-30T11:29:46 IST">
  <testcase classname="TestCase.filters" name="@BeforeMethod Start" time="9.589">
    <failure type="org.openqa.selenium.SessionNotCreatedException" message="Could not start a new session. Response code 500. Message: tab crashed
  (Session info: chrome=128.0.6613.86) 
Host info: host: &amp;apos;HGT-LAP-359&amp;apos;, ip: &amp;apos;192.168.0.111&amp;apos;
Build info: version: &amp;apos;4.21.0&amp;apos;, revision: &amp;apos;79ed462ef4&amp;apos;
System info: os.name: &amp;apos;Windows 11&amp;apos;, os.arch: &amp;apos;amd64&amp;apos;, os.version: &amp;apos;10.0&amp;apos;, java.version: &amp;apos;21.0.1&amp;apos;
Driver info: org.openqa.selenium.chrome.ChromeDriver
Command: [null, newSession {capabilities=[Capabilities {browserName: chrome, goog:chromeOptions: {args: [], binary: C:\Program Files\Google\Chr..., extensions: []}}]}]">
      <![CDATA[org.openqa.selenium.SessionNotCreatedException: Could not start a new session. Response code 500. Message: tab crashed
  (Session info: chrome=128.0.6613.86) 
Host info: host: 'HGT-LAP-359', ip: '192.168.0.111'
Build info: version: '4.21.0', revision: '79ed462ef4'
System info: os.name: 'Windows 11', os.arch: 'amd64', os.version: '10.0', java.version: '21.0.1'
Driver info: org.openqa.selenium.chrome.ChromeDriver
Command: [null, newSession {capabilities=[Capabilities {browserName: chrome, goog:chromeOptions: {args: [], binary: C:\Program Files\Google\Chr..., extensions: []}}]}]
at org.openqa.selenium.remote.ProtocolHandshake.createSession(ProtocolHandshake.java:114)
at org.openqa.selenium.remote.ProtocolHandshake.createSession(ProtocolHandshake.java:75)
at org.openqa.selenium.remote.ProtocolHandshake.createSession(ProtocolHandshake.java:61)
at org.openqa.selenium.remote.HttpCommandExecutor.execute(HttpCommandExecutor.java:162)
at org.openqa.selenium.remote.service.DriverCommandExecutor.invokeExecute(DriverCommandExecutor.java:216)
at org.openqa.selenium.remote.service.DriverCommandExecutor.execute(DriverCommandExecutor.java:174)
at org.openqa.selenium.remote.RemoteWebDriver.execute(RemoteWebDriver.java:518)
at org.openqa.selenium.remote.RemoteWebDriver.startSession(RemoteWebDriver.java:232)
at org.openqa.selenium.remote.RemoteWebDriver.<init>(RemoteWebDriver.java:161)
at org.openqa.selenium.chromium.ChromiumDriver.<init>(ChromiumDriver.java:114)
at org.openqa.selenium.chrome.ChromeDriver.<init>(ChromeDriver.java:88)
at org.openqa.selenium.chrome.ChromeDriver.<init>(ChromeDriver.java:83)
at org.openqa.selenium.chrome.ChromeDriver.<init>(ChromeDriver.java:72)
at TestBase.testCaseBase.setup(testCaseBase.java:40)
at TestCase.filters.Start(filters.java:18)
at java.base/jdk.internal.reflect.DirectMethodHandleAccessor.invoke(DirectMethodHandleAccessor.java:103)
at java.base/java.lang.reflect.Method.invoke(Method.java:580)
at org.testng.internal.MethodInvocationHelper.invokeMethod(MethodInvocationHelper.java:133)
at org.testng.internal.MethodInvocationHelper.invokeMethodConsideringTimeout(MethodInvocationHelper.java:62)
at org.testng.internal.ConfigInvoker.invokeConfigurationMethod(ConfigInvoker.java:385)
at org.testng.internal.ConfigInvoker.invokeConfigurations(ConfigInvoker.java:321)
at org.testng.internal.TestInvoker.runConfigMethods(TestInvoker.java:700)
at org.testng.internal.TestInvoker.invokeMethod(TestInvoker.java:527)
at org.testng.internal.TestInvoker.invokeTestMethod(TestInvoker.java:173)
at org.testng.internal.MethodRunner.runInSequence(MethodRunner.java:46)
at org.testng.internal.TestInvoker$MethodInvocationAgent.invoke(TestInvoker.java:824)
at org.testng.internal.TestInvoker.invokeTestMethods(TestInvoker.java:146)
at org.testng.internal.TestMethodWorker.invokeTestMethods(TestMethodWorker.java:146)
at org.testng.internal.TestMethodWorker.run(TestMethodWorker.java:128)
at java.base/java.util.ArrayList.forEach(ArrayList.java:1596)
at org.testng.TestRunner.privateRun(TestRunner.java:794)
at org.testng.TestRunner.run(TestRunner.java:596)
at org.testng.SuiteRunner.runTest(SuiteRunner.java:377)
at org.testng.SuiteRunner.runSequentially(SuiteRunner.java:371)
at org.testng.SuiteRunner.privateRun(SuiteRunner.java:332)
at org.testng.SuiteRunner.run(SuiteRunner.java:276)
at org.testng.SuiteRunnerWorker.runSuite(SuiteRunnerWorker.java:53)
at org.testng.SuiteRunnerWorker.run(SuiteRunnerWorker.java:96)
at org.testng.TestNG.runSuitesSequentially(TestNG.java:1212)
at org.testng.TestNG.runSuitesLocally(TestNG.java:1134)
at org.testng.TestNG.runSuites(TestNG.java:1063)
at org.testng.TestNG.run(TestNG.java:1031)
at org.testng.remote.AbstractRemoteTestNG.run(AbstractRemoteTestNG.java:115)
at org.testng.remote.RemoteTestNG.initAndRun(RemoteTestNG.java:251)
at org.testng.remote.RemoteTestNG.main(RemoteTestNG.java:77)
]]>
    </failure>
  </testcase> <!-- @BeforeMethod Start -->
  <testcase classname="TestCase.filters" name="FilterTemplateNumberFieldLessThanorEqualOperator" time="0.0">
    <skipped/>
  </testcase> <!-- FilterTemplateNumberFieldLessThanorEqualOperator -->
  <testcase classname="TestCase.filters" name="FilterNumberFieldGreaterThanOperator" time="0.0">
    <ignored/>
  </testcase> <!-- FilterNumberFieldGreaterThanOperator -->
  <testcase classname="TestCase.filters" name="FilterNumberFieldNotExistOperator" time="0.0">
    <ignored/>
  </testcase> <!-- FilterNumberFieldNotExistOperator -->
  <testcase classname="TestCase.filters" name="FilterNumberFieldLessThanorEqualOperator" time="0.0">
    <ignored/>
  </testcase> <!-- FilterNumberFieldLessThanorEqualOperator -->
  <testcase classname="TestCase.filters" name="FilterGVNumberFieldLessThanOperator" time="0.0">
    <ignored/>
  </testcase> <!-- FilterGVNumberFieldLessThanOperator -->
  <testcase classname="TestCase.filters" name="FilterNumberFieldGreaterThanorEqualOperator" time="0.0">
    <ignored/>
  </testcase> <!-- FilterNumberFieldGreaterThanorEqualOperator -->
  <testcase classname="TestCase.filters" name="FilterTemplateNumberFieldLessThanOperator" time="0.0">
    <ignored/>
  </testcase> <!-- FilterTemplateNumberFieldLessThanOperator -->
  <testcase classname="TestCase.filters" name="FilterNumberFieldLessThanOperator" time="0.0">
    <ignored/>
  </testcase> <!-- FilterNumberFieldLessThanOperator -->
  <testcase classname="TestCase.filters" name="FilterNumberFieldExistOperator" time="0.0">
    <ignored/>
  </testcase> <!-- FilterNumberFieldExistOperator -->
  <testcase classname="TestCase.filters" name="FilterGVNumberFieldGreaterThanorEqualOperator" time="0.0">
    <ignored/>
  </testcase> <!-- FilterGVNumberFieldGreaterThanorEqualOperator -->
  <testcase classname="TestCase.filters" name="FilterNumberFieldRangeOperator" time="0.0">
    <ignored/>
  </testcase> <!-- FilterNumberFieldRangeOperator -->
  <testcase classname="TestCase.filters" name="FilterTemplateFieldGreaterThanOperator" time="0.0">
    <ignored/>
  </testcase> <!-- FilterTemplateFieldGreaterThanOperator -->
  <testcase classname="TestCase.filters" name="FilterGVFieldGreaterThanOperator" time="0.0">
    <ignored/>
  </testcase> <!-- FilterGVFieldGreaterThanOperator -->
  <testcase classname="TestCase.filters" name="FilterGVFieldEqualOperator" time="0.0">
    <ignored/>
  </testcase> <!-- FilterGVFieldEqualOperator -->
  <testcase classname="TestCase.filters" name="FilterTemplateNumberFieldGreaterThanorEqualOperator" time="0.0">
    <ignored/>
  </testcase> <!-- FilterTemplateNumberFieldGreaterThanorEqualOperator -->
  <testcase classname="TestCase.filters" name="FilterNumberFieldEqualOperator" time="0.0">
    <ignored/>
  </testcase> <!-- FilterNumberFieldEqualOperator -->
  <testcase classname="TestCase.filters" name="FilterTemplateFieldEqualOperator" time="0.0">
    <ignored/>
  </testcase> <!-- FilterTemplateFieldEqualOperator -->
  <testcase classname="TestCase.filters" name="FilterGVNumberFieldLessThanorEqualOperator" time="0.0">
    <ignored/>
  </testcase> <!-- FilterGVNumberFieldLessThanorEqualOperator -->
</testsuite> <!-- Default test -->
